This is pdfTeX, Version 3.14159265-2.6-1.40.17 (MiKTeX 2.9.6210 64-bit) (preloaded format=pdflatex 2019.7.4)  14 AUG 2019 14:35
entering extended mode
**./Aufgaben.tex
(Aufgaben.tex
LaTeX2e <2017/01/01> patch level 1
Babel <3.9r> and hyphenation patterns for 75 language(s) loaded.
(D:\Programme\MiKTeX\tex\latex\base\article.cls
Document Class: article 2014/09/29 v1.4h Standard LaTeX document class
(D:\Programme\MiKTeX\tex\latex\base\size10.clo
File: size10.clo 2014/09/29 v1.4h Standard LaTeX file (size option)
)
\c@part=\count79
\c@section=\count80
\c@subsection=\count81
\c@subsubsection=\count82
\c@paragraph=\count83
\c@subparagraph=\count84
\c@figure=\count85
\c@table=\count86
\abovecaptionskip=\skip41
\belowcaptionskip=\skip42
\bibindent=\dimen102
)
(D:\Programme\MiKTeX\tex\latex\base\inputenc.sty
Package: inputenc 2015/03/17 v1.2c Input encoding file
\inpenc@prehook=\toks14
\inpenc@posthook=\toks15

(D:\Programme\MiKTeX\tex\latex\base\utf8.def
File: utf8.def 2016/02/28 v1.1s UTF-8 support for inputenc
Now handling font encoding OML ...
... no UTF-8 mapping file for font encoding OML
Now handling font encoding T1 ...
... processing UTF-8 mapping file for font encoding T1

(D:\Programme\MiKTeX\tex\latex\base\t1enc.dfu
File: t1enc.dfu 2016/02/28 v1.1s UTF-8 support for inputenc
   defining Unicode char U+00A0 (decimal 160)
   defining Unicode char U+00A1 (decimal 161)
   defining Unicode char U+00A3 (decimal 163)
   defining Unicode char U+00AB (decimal 171)
   defining Unicode char U+00AD (decimal 173)
   defining Unicode char U+00BB (decimal 187)
   defining Unicode char U+00BF (decimal 191)
   defining Unicode char U+00C0 (decimal 192)
   defining Unicode char U+00C1 (decimal 193)
   defining Unicode char U+00C2 (decimal 194)
   defining Unicode char U+00C3 (decimal 195)
   defining Unicode char U+00C4 (decimal 196)
   defining Unicode char U+00C5 (decimal 197)
   defining Unicode char U+00C6 (decimal 198)
   defining Unicode char U+00C7 (decimal 199)
   defining Unicode char U+00C8 (decimal 200)
   defining Unicode char U+00C9 (decimal 201)
   defining Unicode char U+00CA (decimal 202)
   defining Unicode char U+00CB (decimal 203)
   defining Unicode char U+00CC (decimal 204)
   defining Unicode char U+00CD (decimal 205)
   defining Unicode char U+00CE (decimal 206)
   defining Unicode char U+00CF (decimal 207)
   defining Unicode char U+00D0 (decimal 208)
   defining Unicode char U+00D1 (decimal 209)
   defining Unicode char U+00D2 (decimal 210)
   defining Unicode char U+00D3 (decimal 211)
   defining Unicode char U+00D4 (decimal 212)
   defining Unicode char U+00D5 (decimal 213)
   defining Unicode char U+00D6 (decimal 214)
   defining Unicode char U+00D8 (decimal 216)
   defining Unicode char U+00D9 (decimal 217)
   defining Unicode char U+00DA (decimal 218)
   defining Unicode char U+00DB (decimal 219)
   defining Unicode char U+00DC (decimal 220)
   defining Unicode char U+00DD (decimal 221)
   defining Unicode char U+00DE (decimal 222)
   defining Unicode char U+00DF (decimal 223)
   defining Unicode char U+00E0 (decimal 224)
   defining Unicode char U+00E1 (decimal 225)
   defining Unicode char U+00E2 (decimal 226)
   defining Unicode char U+00E3 (decimal 227)
   defining Unicode char U+00E4 (decimal 228)
   defining Unicode char U+00E5 (decimal 229)
   defining Unicode char U+00E6 (decimal 230)
   defining Unicode char U+00E7 (decimal 231)
   defining Unicode char U+00E8 (decimal 232)
   defining Unicode char U+00E9 (decimal 233)
   defining Unicode char U+00EA (decimal 234)
   defining Unicode char U+00EB (decimal 235)
   defining Unicode char U+00EC (decimal 236)
   defining Unicode char U+00ED (decimal 237)
   defining Unicode char U+00EE (decimal 238)
   defining Unicode char U+00EF (decimal 239)
   defining Unicode char U+00F0 (decimal 240)
   defining Unicode char U+00F1 (decimal 241)
   defining Unicode char U+00F2 (decimal 242)
   defining Unicode char U+00F3 (decimal 243)
   defining Unicode char U+00F4 (decimal 244)
   defining Unicode char U+00F5 (decimal 245)
   defining Unicode char U+00F6 (decimal 246)
   defining Unicode char U+00F8 (decimal 248)
   defining Unicode char U+00F9 (decimal 249)
   defining Unicode char U+00FA (decimal 250)
   defining Unicode char U+00FB (decimal 251)
   defining Unicode char U+00FC (decimal 252)
   defining Unicode char U+00FD (decimal 253)
   defining Unicode char U+00FE (decimal 254)
   defining Unicode char U+00FF (decimal 255)
   defining Unicode char U+0100 (decimal 256)
   defining Unicode char U+0101 (decimal 257)
   defining Unicode char U+0102 (decimal 258)
   defining Unicode char U+0103 (decimal 259)
   defining Unicode char U+0104 (decimal 260)
   defining Unicode char U+0105 (decimal 261)
   defining Unicode char U+0106 (decimal 262)
   defining Unicode char U+0107 (decimal 263)
   defining Unicode char U+0108 (decimal 264)
   defining Unicode char U+0109 (decimal 265)
   defining Unicode char U+010A (decimal 266)
   defining Unicode char U+010B (decimal 267)
   defining Unicode char U+010C (decimal 268)
   defining Unicode char U+010D (decimal 269)
   defining Unicode char U+010E (decimal 270)
   defining Unicode char U+010F (decimal 271)
   defining Unicode char U+0110 (decimal 272)
   defining Unicode char U+0111 (decimal 273)
   defining Unicode char U+0112 (decimal 274)
   defining Unicode char U+0113 (decimal 275)
   defining Unicode char U+0114 (decimal 276)
   defining Unicode char U+0115 (decimal 277)
   defining Unicode char U+0116 (decimal 278)
   defining Unicode char U+0117 (decimal 279)
   defining Unicode char U+0118 (decimal 280)
   defining Unicode char U+0119 (decimal 281)
   defining Unicode char U+011A (decimal 282)
   defining Unicode char U+011B (decimal 283)
   defining Unicode char U+011C (decimal 284)
   defining Unicode char U+011D (decimal 285)
   defining Unicode char U+011E (decimal 286)
   defining Unicode char U+011F (decimal 287)
   defining Unicode char U+0120 (decimal 288)
   defining Unicode char U+0121 (decimal 289)
   defining Unicode char U+0122 (decimal 290)
   defining Unicode char U+0123 (decimal 291)
   defining Unicode char U+0124 (decimal 292)
   defining Unicode char U+0125 (decimal 293)
   defining Unicode char U+0128 (decimal 296)
   defining Unicode char U+0129 (decimal 297)
   defining Unicode char U+012A (decimal 298)
   defining Unicode char U+012B (decimal 299)
   defining Unicode char U+012C (decimal 300)
   defining Unicode char U+012D (decimal 301)
   defining Unicode char U+012E (decimal 302)
   defining Unicode char U+012F (decimal 303)
   defining Unicode char U+0130 (decimal 304)
   defining Unicode char U+0131 (decimal 305)
   defining Unicode char U+0132 (decimal 306)
   defining Unicode char U+0133 (decimal 307)
   defining Unicode char U+0134 (decimal 308)
   defining Unicode char U+0135 (decimal 309)
   defining Unicode char U+0136 (decimal 310)
   defining Unicode char U+0137 (decimal 311)
   defining Unicode char U+0139 (decimal 313)
   defining Unicode char U+013A (decimal 314)
   defining Unicode char U+013B (decimal 315)
   defining Unicode char U+013C (decimal 316)
   defining Unicode char U+013D (decimal 317)
   defining Unicode char U+013E (decimal 318)
   defining Unicode char U+0141 (decimal 321)
   defining Unicode char U+0142 (decimal 322)
   defining Unicode char U+0143 (decimal 323)
   defining Unicode char U+0144 (decimal 324)
   defining Unicode char U+0145 (decimal 325)
   defining Unicode char U+0146 (decimal 326)
   defining Unicode char U+0147 (decimal 327)
   defining Unicode char U+0148 (decimal 328)
   defining Unicode char U+014A (decimal 330)
   defining Unicode char U+014B (decimal 331)
   defining Unicode char U+014C (decimal 332)
   defining Unicode char U+014D (decimal 333)
   defining Unicode char U+014E (decimal 334)
   defining Unicode char U+014F (decimal 335)
   defining Unicode char U+0150 (decimal 336)
   defining Unicode char U+0151 (decimal 337)
   defining Unicode char U+0152 (decimal 338)
   defining Unicode char U+0153 (decimal 339)
   defining Unicode char U+0154 (decimal 340)
   defining Unicode char U+0155 (decimal 341)
   defining Unicode char U+0156 (decimal 342)
   defining Unicode char U+0157 (decimal 343)
   defining Unicode char U+0158 (decimal 344)
   defining Unicode char U+0159 (decimal 345)
   defining Unicode char U+015A (decimal 346)
   defining Unicode char U+015B (decimal 347)
   defining Unicode char U+015C (decimal 348)
   defining Unicode char U+015D (decimal 349)
   defining Unicode char U+015E (decimal 350)
   defining Unicode char U+015F (decimal 351)
   defining Unicode char U+0160 (decimal 352)
   defining Unicode char U+0161 (decimal 353)
   defining Unicode char U+0162 (decimal 354)
   defining Unicode char U+0163 (decimal 355)
   defining Unicode char U+0164 (decimal 356)
   defining Unicode char U+0165 (decimal 357)
   defining Unicode char U+0168 (decimal 360)
   defining Unicode char U+0169 (decimal 361)
   defining Unicode char U+016A (decimal 362)
   defining Unicode char U+016B (decimal 363)
   defining Unicode char U+016C (decimal 364)
   defining Unicode char U+016D (decimal 365)
   defining Unicode char U+016E (decimal 366)
   defining Unicode char U+016F (decimal 367)
   defining Unicode char U+0170 (decimal 368)
   defining Unicode char U+0171 (decimal 369)
   defining Unicode char U+0172 (decimal 370)
   defining Unicode char U+0173 (decimal 371)
   defining Unicode char U+0174 (decimal 372)
   defining Unicode char U+0175 (decimal 373)
   defining Unicode char U+0176 (decimal 374)
   defining Unicode char U+0177 (decimal 375)
   defining Unicode char U+0178 (decimal 376)
   defining Unicode char U+0179 (decimal 377)
   defining Unicode char U+017A (decimal 378)
   defining Unicode char U+017B (decimal 379)
   defining Unicode char U+017C (decimal 380)
   defining Unicode char U+017D (decimal 381)
   defining Unicode char U+017E (decimal 382)
   defining Unicode char U+01CD (decimal 461)
   defining Unicode char U+01CE (decimal 462)
   defining Unicode char U+01CF (decimal 463)
   defining Unicode char U+01D0 (decimal 464)
   defining Unicode char U+01D1 (decimal 465)
   defining Unicode char U+01D2 (decimal 466)
   defining Unicode char U+01D3 (decimal 467)
   defining Unicode char U+01D4 (decimal 468)
   defining Unicode char U+01E2 (decimal 482)
   defining Unicode char U+01E3 (decimal 483)
   defining Unicode char U+01E6 (decimal 486)
   defining Unicode char U+01E7 (decimal 487)
   defining Unicode char U+01E8 (decimal 488)
   defining Unicode char U+01E9 (decimal 489)
   defining Unicode char U+01EA (decimal 490)
   defining Unicode char U+01EB (decimal 491)
   defining Unicode char U+01F0 (decimal 496)
   defining Unicode char U+01F4 (decimal 500)
   defining Unicode char U+01F5 (decimal 501)
   defining Unicode char U+0218 (decimal 536)
   defining Unicode char U+0219 (decimal 537)
   defining Unicode char U+021A (decimal 538)
   defining Unicode char U+021B (decimal 539)
   defining Unicode char U+1E02 (decimal 7682)
   defining Unicode char U+1E03 (decimal 7683)
   defining Unicode char U+200C (decimal 8204)
   defining Unicode char U+2010 (decimal 8208)
   defining Unicode char U+2011 (decimal 8209)
   defining Unicode char U+2012 (decimal 8210)
   defining Unicode char U+2013 (decimal 8211)
   defining Unicode char U+2014 (decimal 8212)
   defining Unicode char U+2015 (decimal 8213)
   defining Unicode char U+2018 (decimal 8216)
   defining Unicode char U+2019 (decimal 8217)
   defining Unicode char U+201A (decimal 8218)
   defining Unicode char U+201C (decimal 8220)
   defining Unicode char U+201D (decimal 8221)
   defining Unicode char U+201E (decimal 8222)
   defining Unicode char U+2030 (decimal 8240)
   defining Unicode char U+2031 (decimal 8241)
   defining Unicode char U+2039 (decimal 8249)
   defining Unicode char U+203A (decimal 8250)
   defining Unicode char U+2423 (decimal 9251)
)
Now handling font encoding OT1 ...
... processing UTF-8 mapping file for font encoding OT1

(D:\Programme\MiKTeX\tex\latex\base\ot1enc.dfu
File: ot1enc.dfu 2016/02/28 v1.1s UTF-8 support for inputenc
   defining Unicode char U+00A0 (decimal 160)
   defining Unicode char U+00A1 (decimal 161)
   defining Unicode char U+00A3 (decimal 163)
   defining Unicode char U+00AD (decimal 173)
   defining Unicode char U+00B8 (decimal 184)
   defining Unicode char U+00BF (decimal 191)
   defining Unicode char U+00C5 (decimal 197)
   defining Unicode char U+00C6 (decimal 198)
   defining Unicode char U+00D8 (decimal 216)
   defining Unicode char U+00DF (decimal 223)
   defining Unicode char U+00E6 (decimal 230)
   defining Unicode char U+00EC (decimal 236)
   defining Unicode char U+00ED (decimal 237)
   defining Unicode char U+00EE (decimal 238)
   defining Unicode char U+00EF (decimal 239)
   defining Unicode char U+00F8 (decimal 248)
   defining Unicode char U+0131 (decimal 305)
   defining Unicode char U+0141 (decimal 321)
   defining Unicode char U+0142 (decimal 322)
   defining Unicode char U+0152 (decimal 338)
   defining Unicode char U+0153 (decimal 339)
   defining Unicode char U+0174 (decimal 372)
   defining Unicode char U+0175 (decimal 373)
   defining Unicode char U+0176 (decimal 374)
   defining Unicode char U+0177 (decimal 375)
   defining Unicode char U+0218 (decimal 536)
   defining Unicode char U+0219 (decimal 537)
   defining Unicode char U+021A (decimal 538)
   defining Unicode char U+021B (decimal 539)
   defining Unicode char U+2013 (decimal 8211)
   defining Unicode char U+2014 (decimal 8212)
   defining Unicode char U+2018 (decimal 8216)
   defining Unicode char U+2019 (decimal 8217)
   defining Unicode char U+201C (decimal 8220)
   defining Unicode char U+201D (decimal 8221)
)
Now handling font encoding OMS ...
... processing UTF-8 mapping file for font encoding OMS

(D:\Programme\MiKTeX\tex\latex\base\omsenc.dfu
File: omsenc.dfu 2016/02/28 v1.1s UTF-8 support for inputenc
   defining Unicode char U+00A7 (decimal 167)
   defining Unicode char U+00B6 (decimal 182)
   defining Unicode char U+00B7 (decimal 183)
   defining Unicode char U+2020 (decimal 8224)
   defining Unicode char U+2021 (decimal 8225)
   defining Unicode char U+2022 (decimal 8226)
)
Now handling font encoding OMX ...
... no UTF-8 mapping file for font encoding OMX
Now handling font encoding U ...
... no UTF-8 mapping file for font encoding U
   defining Unicode char U+00A9 (decimal 169)
   defining Unicode char U+00AA (decimal 170)
   defining Unicode char U+00AE (decimal 174)
   defining Unicode char U+00BA (decimal 186)
   defining Unicode char U+02C6 (decimal 710)
   defining Unicode char U+02DC (decimal 732)
   defining Unicode char U+200C (decimal 8204)
   defining Unicode char U+2026 (decimal 8230)
   defining Unicode char U+2122 (decimal 8482)
   defining Unicode char U+2423 (decimal 9251)
))
(D:\Programme\MiKTeX\tex\latex\graphics\graphicx.sty
Package: graphicx 2014/10/28 v1.0g Enhanced LaTeX Graphics (DPC,SPQR)

(D:\Programme\MiKTeX\tex\latex\graphics\keyval.sty
Package: keyval 2014/10/28 v1.15 key=value parser (DPC)
\KV@toks@=\toks16
)
(D:\Programme\MiKTeX\tex\latex\graphics\graphics.sty
Package: graphics 2016/10/09 v1.0u Standard LaTeX Graphics (DPC,SPQR)

(D:\Programme\MiKTeX\tex\latex\graphics\trig.sty
Package: trig 2016/01/03 v1.10 sin cos tan (DPC)
)
(D:\Programme\MiKTeX\tex\latex\graphics-cfg\graphics.cfg
File: graphics.cfg 2016/06/04 v1.11 sample graphics configuration
)
Package graphics Info: Driver file: pdftex.def on input line 99.

(D:\Programme\MiKTeX\tex\latex\graphics-def\pdftex.def
File: pdftex.def 2017/01/12 v0.06k Graphics/color for pdfTeX

(D:\Programme\MiKTeX\tex\generic\oberdiek\infwarerr.sty
Package: infwarerr 2016/05/16 v1.4 Providing info/warning/error messages (HO)
)
(D:\Programme\MiKTeX\tex\generic\oberdiek\ltxcmds.sty
Package: ltxcmds 2016/05/16 v1.23 LaTeX kernel commands for general use (HO)
)
\Gread@gobject=\count87
))
\Gin@req@height=\dimen103
\Gin@req@width=\dimen104
)
(D:\Programme\MiKTeX\tex\latex\multirow\multirow.sty
Package: multirow 2016/11/25 v2.2 Span multiple rows of a table
\multirow@colwidth=\skip43
\multirow@cntb=\count88
\multirow@dima=\skip44
\bigstrutjot=\dimen105
) (Aufgaben.aux)
\openout1 = `Aufgaben.aux'.

LaTeX Font Info:    Checking defaults for OML/cmm/m/it on input line 10.
LaTeX Font Info:    ... okay on input line 10.
LaTeX Font Info:    Checking defaults for T1/cmr/m/n on input line 10.
LaTeX Font Info:    ... okay on input line 10.
LaTeX Font Info:    Checking defaults for OT1/cmr/m/n on input line 10.
LaTeX Font Info:    ... okay on input line 10.
LaTeX Font Info:    Checking defaults for OMS/cmsy/m/n on input line 10.
LaTeX Font Info:    ... okay on input line 10.
LaTeX Font Info:    Checking defaults for OMX/cmex/m/n on input line 10.
LaTeX Font Info:    ... okay on input line 10.
LaTeX Font Info:    Checking defaults for U/cmr/m/n on input line 10.
LaTeX Font Info:    ... okay on input line 10.

(D:\Programme\MiKTeX\tex\context\base\supp-pdf.mkii
[Loading MPS to PDF converter (version 2006.09.02).]
\scratchcounter=\count89
\scratchdimen=\dimen106
\scratchbox=\box26
\nofMPsegments=\count90
\nofMParguments=\count91
\everyMPshowfont=\toks17
\MPscratchCnt=\count92
\MPscratchDim=\dimen107
\MPnumerator=\count93
\makeMPintoPDFobject=\count94
\everyMPtoPDFconversion=\toks18
) (D:\Programme\MiKTeX\tex\generic\oberdiek\pdftexcmds.sty
Package: pdftexcmds 2016/05/21 v0.22 Utility functions of pdfTeX for LuaTeX (HO
)

(D:\Programme\MiKTeX\tex\generic\oberdiek\ifluatex.sty
Package: ifluatex 2016/05/16 v1.4 Provides the ifluatex switch (HO)
Package ifluatex Info: LuaTeX not detected.
)
(D:\Programme\MiKTeX\tex\generic\oberdiek\ifpdf.sty
Package: ifpdf 2016/05/14 v3.1 Provides the ifpdf switch
)
Package pdftexcmds Info: LuaTeX not detected.
Package pdftexcmds Info: \pdf@primitive is available.
Package pdftexcmds Info: \pdf@ifprimitive is available.
Package pdftexcmds Info: \pdfdraftmode found.
)
(D:\Programme\MiKTeX\tex\latex\oberdiek\epstopdf-base.sty
Package: epstopdf-base 2016/05/15 v2.6 Base part for package epstopdf

(D:\Programme\MiKTeX\tex\latex\oberdiek\grfext.sty
Package: grfext 2016/05/16 v1.2 Manage graphics extensions (HO)

(D:\Programme\MiKTeX\tex\generic\oberdiek\kvdefinekeys.sty
Package: kvdefinekeys 2016/05/16 v1.4 Define keys (HO)
))
(D:\Programme\MiKTeX\tex\latex\oberdiek\kvoptions.sty
Package: kvoptions 2016/05/16 v3.12 Key value format for package options (HO)

(D:\Programme\MiKTeX\tex\generic\oberdiek\kvsetkeys.sty
Package: kvsetkeys 2016/05/16 v1.17 Key value parser (HO)

(D:\Programme\MiKTeX\tex\generic\oberdiek\etexcmds.sty
Package: etexcmds 2016/05/16 v1.6 Avoid name clashes with e-TeX commands (HO)
Package etexcmds Info: Could not find \expanded.
(etexcmds)             That can mean that you are not using pdfTeX 1.50 or
(etexcmds)             that some package has redefined \expanded.
(etexcmds)             In the latter case, load this package earlier.
)))
Package epstopdf-base Info: Redefining graphics rule for `.eps' on input line 4
38.
Package grfext Info: Graphics extension search list:
(grfext)             [.png,.pdf,.jpg,.mps,.jpeg,.jbig2,.jb2,.PNG,.PDF,.JPG,.JPE
G,.JBIG2,.JB2,.eps]
(grfext)             \AppendGraphicsExtensions on input line 456.
)
LaTeX Font Info:    External font `cmex10' loaded for size
(Font)              <12> on input line 11.
LaTeX Font Info:    External font `cmex10' loaded for size
(Font)              <8> on input line 11.
LaTeX Font Info:    External font `cmex10' loaded for size
(Font)              <6> on input line 11.
 [1

{C:/Users/Joshua/AppData/Local/MiKTeX/2.9/pdftex/config/pdftex.map}]
LaTeX Font Info:    External font `cmex10' loaded for size
(Font)              <7> on input line 19.
LaTeX Font Info:    External font `cmex10' loaded for size
(Font)              <5> on input line 19.
 [2] [3]
Underfull \hbox (badness 10000) in paragraph at lines 72--73

 []

<Aufgaben-Ressourcen/normal-1000.jpg, id=18, 240.9pt x 240.9pt>
File: Aufgaben-Ressourcen/normal-1000.jpg Graphic file (type jpg)

<use Aufgaben-Ressourcen/normal-1000.jpg>
Package pdftex.def Info: Aufgaben-Ressourcen/normal-1000.jpg used on input line
 104.
(pdftex.def)             Requested size: 207.0021pt x 207.00821pt.

<Aufgaben-Ressourcen/critical-1000.jpg, id=19, 240.9pt x 240.9pt>
File: Aufgaben-Ressourcen/critical-1000.jpg Graphic file (type jpg)

<use Aufgaben-Ressourcen/critical-1000.jpg>
Package pdftex.def Info: Aufgaben-Ressourcen/critical-1000.jpg used on input li
ne 108.
(pdftex.def)             Requested size: 137.9979pt x 138.0018pt.

<Aufgaben-Ressourcen/critical-1000-1000.jpg, id=20, 240.9pt x 240.9pt>
File: Aufgaben-Ressourcen/critical-1000-1000.jpg Graphic file (type jpg)

<use Aufgaben-Ressourcen/critical-1000-1000.jpg>
Package pdftex.def Info: Aufgaben-Ressourcen/critical-1000-1000.jpg used on inp
ut line 108.
(pdftex.def)             Requested size: 137.9979pt x 138.0018pt.

<Aufgaben-Ressourcen/critical-10000-1000.jpg, id=21, 2409.0pt x 2409.0pt>
[4 <./Aufgaben-Ressourcen/normal-1000.jpg>]
File: Aufgaben-Ressourcen/critical-10000-1000.jpg Graphic file (type jpg)

<use Aufgaben-Ressourcen/critical-10000-1000.jpg>
Package pdftex.def Info: Aufgaben-Ressourcen/critical-10000-1000.jpg used on in
put line 110.
(pdftex.def)             Requested size: 137.9979pt x 137.99078pt.
File: Aufgaben-Ressourcen/critical-10000-1000.jpg Graphic file (type jpg)

<use Aufgaben-Ressourcen/critical-10000-1000.jpg>
Package pdftex.def Info: Aufgaben-Ressourcen/critical-10000-1000.jpg used on in
put line 110.
(pdftex.def)             Requested size: 137.9979pt x 137.99078pt.

Overfull \hbox (10.77837pt too wide) in paragraph at lines 117--124
\OT1/cmr/m/n/10 Es besteht eine Race-Condition auf dem Ar-ray a uber In-dex i,
 bei ungunstiger
 []

[5 <./Aufgaben-Ressourcen/critical-1000.jpg> <./Aufgaben-Ressourcen/critical-10
00-1000.jpg> <./Aufgaben-Ressourcen/critical-10000-1000.jpg>]
Overfull \hbox (4.27826pt too wide) in paragraph at lines 129--133
\OT1/cmr/m/n/10 Thread seine eigene Kopie der Vari-able und es besteht keine Ra
ce-Condition
 []


Overfull \hbox (2.72168pt too wide) in paragraph at lines 154--157
\OT1/cmr/m/n/10 der zwei Schleifen J und K, auch bekannt als IKJ-Optimierung, e
ine Verbesserung
 []

[6]
Overfull \hbox (79.09341pt too wide) in paragraph at lines 161--191
 [] 
 []


Underfull \hbox (badness 10000) in paragraph at lines 203--203
[]\OT1/cmr/m/n/10 2
 []


Overfull \hbox (7.1862pt too wide) in paragraph at lines 203--203
\OT1/cmr/m/n/10 Threads| 
 []


Underfull \hbox (badness 10000) in paragraph at lines 203--203
[]\OT1/cmr/m/n/10 4
 []


Overfull \hbox (7.1862pt too wide) in paragraph at lines 203--203
\OT1/cmr/m/n/10 Threads| 
 []


Underfull \hbox (badness 10000) in paragraph at lines 203--203
[]\OT1/cmr/m/n/10 8
 []


Overfull \hbox (7.1862pt too wide) in paragraph at lines 203--203
\OT1/cmr/m/n/10 Threads| 
 []


Overfull \hbox (4.32513pt too wide) in paragraph at lines 207--207
[]\OT1/cmr/m/n/10 135.882| 
 []


Overfull \hbox (4.32513pt too wide) in paragraph at lines 211--211
[]\OT1/cmr/m/n/10 135.966| 
 []


Overfull \hbox (61.75383pt too wide) in paragraph at lines 201--214
 [] 
 []

[7]
Underfull \hbox (badness 10000) in paragraph at lines 240--242

 []


Underfull \hbox (badness 10000) in paragraph at lines 243--244

 []


Underfull \hbox (badness 10000) in paragraph at lines 245--246

 []


Underfull \hbox (badness 10000) in paragraph at lines 247--248

 []


Underfull \hbox (badness 10000) in paragraph at lines 249--250

 []


Overfull \hbox (5.5839pt too wide) in paragraph at lines 252--258
\OT1/cmr/m/n/10 Race-Conditions: Wenn zwei Threads un-abhangig voneinan-der au
f eine Ressource
 []

[8]
LaTeX Font Info:    Try loading font information for OMS+cmr on input line 268.

 (D:\Programme\MiKTeX\tex\latex\base\omscmr.fd
File: omscmr.fd 2014/09/29 v2.5h Standard LaTeX font definitions
)
LaTeX Font Info:    Font shape `OMS/cmr/m/n' in size <10> not available
(Font)              Font shape `OMS/cmsy/m/n' tried instead on input line 268.

Underfull \hbox (badness 10000) in paragraph at lines 268--269
[]\OT1/cmr/m/n/10 Braucht
 []


Underfull \hbox (badness 10000) in paragraph at lines 268--269
\OT1/cmr/m/n/10 Einar-
 []


Underfull \hbox (badness 10000) in paragraph at lines 272--273
[]\OT1/cmr/m/n/10 Am ein-
 []


Underfull \hbox (badness 10000) in paragraph at lines 272--273
\OT1/cmr/m/n/10 fach-sten zu
 []


Underfull \hbox (badness 10000) in paragraph at lines 272--273
\OT1/cmr/m/n/10 pro-gram-
 []


Underfull \hbox (badness 10000) in paragraph at lines 273--274
[]\OT1/cmr/m/n/10 Viele Bib-
 []


Underfull \hbox (badness 10000) in paragraph at lines 273--274
\OT1/cmr/m/n/10 lio-theken
 []


Underfull \hbox (badness 7379) in paragraph at lines 274--275
[]\OT1/cmr/m/n/10 Kurze Com-
 []


Underfull \hbox (badness 10000) in paragraph at lines 276--277
[]\OT1/cmr/m/n/10 Aufwandig
 []


Underfull \hbox (badness 7291) in paragraph at lines 276--277
\OT1/cmr/m/n/10 zu pro-gram-
 []


Underfull \hbox (badness 7047) in paragraph at lines 277--278
[]\OT1/cmr/m/n/10 Lange Com-
 []


Overfull \hbox (72.8858pt too wide) in paragraph at lines 261--282
[] 
 []


Underfull \hbox (badness 10000) in paragraph at lines 261--282

 []

<Aufgaben-Ressourcen/A4L4.png, id=39, 998.9822pt x 520.19344pt>
File: Aufgaben-Ressourcen/A4L4.png Graphic file (type png)

<use Aufgaben-Ressourcen/A4L4.png>
Package pdftex.def Info: Aufgaben-Ressourcen/A4L4.png used on input line 288.
(pdftex.def)             Requested size: 345.0pt x 179.64949pt.

<Aufgaben-Ressourcen/A4L5.png, id=40, 1005.00468pt x 525.46312pt>
File: Aufgaben-Ressourcen/A4L5.png Graphic file (type png)

<use Aufgaben-Ressourcen/A4L5.png>
Package pdftex.def Info: Aufgaben-Ressourcen/A4L5.png used on input line 293.
(pdftex.def)             Requested size: 345.0pt x 180.37894pt.

<Aufgaben-Ressourcen/A4L6.png, id=41, 1003.49907pt x 514.17094pt>
File: Aufgaben-Ressourcen/A4L6.png Graphic file (type png)

<use Aufgaben-Ressourcen/A4L6.png>
Package pdftex.def Info: Aufgaben-Ressourcen/A4L6.png used on input line 298.
(pdftex.def)             Requested size: 345.0pt x 176.76936pt.


LaTeX Warning: Reference `A4L4' on page 9 undefined on input line 319.


LaTeX Warning: Reference `A4L5' on page 9 undefined on input line 319.


LaTeX Warning: Reference `A4L6' on page 9 undefined on input line 319.


Underfull \hbox (badness 10000) in paragraph at lines 305--320

 []

[9] [10 <./Aufgaben-Ressourcen/A4L4.png> <./Aufgaben-Ressourcen/A4L5.png>]
<Aufgaben-Ressourcen/A5L5M3N2.png, id=48, 1005.7575pt x 514.17094pt>
File: Aufgaben-Ressourcen/A5L5M3N2.png Graphic file (type png)

<use Aufgaben-Ressourcen/A5L5M3N2.png>
Package pdftex.def Info: Aufgaben-Ressourcen/A5L5M3N2.png used on input line 34
1.
(pdftex.def)             Requested size: 345.0pt x 176.36923pt.

<Aufgaben-Ressourcen/A5L6M3N2.png, id=49, 998.9822pt x 510.40688pt>
File: Aufgaben-Ressourcen/A5L6M3N2.png Graphic file (type png)

<use Aufgaben-Ressourcen/A5L6M3N2.png>
Package pdftex.def Info: Aufgaben-Ressourcen/A5L6M3N2.png used on input line 34
6.
(pdftex.def)             Requested size: 345.0pt x 176.26968pt.

<Aufgaben-Ressourcen/A5L7M3N2.png, id=50, 998.9822pt x 508.90125pt>
File: Aufgaben-Ressourcen/A5L7M3N2.png Graphic file (type png)

<use Aufgaben-Ressourcen/A5L7M3N2.png>
Package pdftex.def Info: Aufgaben-Ressourcen/A5L7M3N2.png used on input line 35
1.
(pdftex.def)             Requested size: 345.0pt x 175.74971pt.


LaTeX Warning: Reference `A5L5' on page 11 undefined on input line 363.


LaTeX Warning: Reference `A5L6' on page 11 undefined on input line 363.


LaTeX Warning: Reference `A5L7' on page 11 undefined on input line 363.


Underfull \hbox (badness 10000) in paragraph at lines 362--364

 []

[11 <./Aufgaben-Ressourcen/A4L6.png>] [12 <./Aufgaben-Ressourcen/A5L5M3N2.png> 
<./Aufgaben-Ressourcen/A5L6M3N2.png>]
<Aufgaben-Ressourcen/A6L5M3N2.png, id=57, 1001.99344pt x 523.9575pt>
File: Aufgaben-Ressourcen/A6L5M3N2.png Graphic file (type png)

<use Aufgaben-Ressourcen/A6L5M3N2.png>
Package pdftex.def Info: Aufgaben-Ressourcen/A6L5M3N2.png used on input line 36
8.
(pdftex.def)             Requested size: 345.0pt x 180.40576pt.

<Aufgaben-Ressourcen/A6L6M3N2.png, id=58, 1008.76875pt x 511.15968pt>
File: Aufgaben-Ressourcen/A6L6M3N2.png Graphic file (type png)

<use Aufgaben-Ressourcen/A6L6M3N2.png>
Package pdftex.def Info: Aufgaben-Ressourcen/A6L6M3N2.png used on input line 37
3.
(pdftex.def)             Requested size: 345.0pt x 174.81374pt.

<Aufgaben-Ressourcen/A6L7M3N2.png, id=59, 1000.48781pt x 519.44063pt>
File: Aufgaben-Ressourcen/A6L7M3N2.png Graphic file (type png)

<use Aufgaben-Ressourcen/A6L7M3N2.png>
Package pdftex.def Info: Aufgaben-Ressourcen/A6L7M3N2.png used on input line 37
8.
(pdftex.def)             Requested size: 345.0pt x 179.12003pt.


LaTeX Warning: Reference `A6L5' on page 13 undefined on input line 385.


LaTeX Warning: Reference `A6L6' on page 13 undefined on input line 385.


LaTeX Warning: Reference `A6L7' on page 13 undefined on input line 385.


Overfull \hbox (15.2819pt too wide) in paragraph at lines 383--386
\OT1/cmr/m/n/10 Liste: CG Ver-fahren; PCG-Verfahren; Ver-fahren der min-i-malen
 Risiduen(GMRES);
 []


Overfull \hbox (0.7367pt too wide) in paragraph at lines 383--386
\OT1/cmr/m/n/10 Das Gle-ichungssys-tem ist dunnbesetzt und alle Krylow-Unterra
umverfahren sind
 []


Underfull \hbox (badness 10000) in paragraph at lines 383--386

 []

[13 <./Aufgaben-Ressourcen/A5L7M3N2.png>] [14 <./Aufgaben-Ressourcen/A6L5M3N2.p
ng> <./Aufgaben-Ressourcen/A6L6M3N2.png>] [15 <./Aufgaben-Ressourcen/A6L7M3N2.p
ng>]
Overfull \hbox (136.33315pt too wide) in paragraph at lines 420--423
\OT1/cmr/m/n/10 Liste weit-erer FEM Pack-ages/Libraries: https://en.wikipedia.o
rg/wiki/List[]of[]finite[]element[]software[]packages 
 []

[16]
Underfull \hbox (badness 10000) in paragraph at lines 430--431

 []


Underfull \hbox (badness 10000) in paragraph at lines 432--443

 []


Overfull \hbox (19.66727pt too wide) in paragraph at lines 450--462
 [] 
 []

[17]
Underfull \hbox (badness 10000) in paragraph at lines 498--499

 []


Underfull \hbox (badness 10000) in paragraph at lines 522--525

 []

[18]
Overfull \hbox (39.58412pt too wide) in paragraph at lines 532--549
[][] 
 []


Overfull \hbox (7.19502pt too wide) in paragraph at lines 559--560
[]\OT1/cmr/m/n/10 Vergleich im-ple-men-tiertes syn-chrones Jakobi-Verfahren mit
 block-asynchronen
 []


Overfull \hbox (32.88966pt too wide) in paragraph at lines 561--598
[][] 
 []

[19] [20]
File: Aufgaben-Ressourcen/A6L7M3N2.png Graphic file (type png)
 <use Aufgaben-Ressourcen/A6L7M3N2.png>
Package pdftex.def Info: Aufgaben-Ressourcen/A6L7M3N2.png used on input line 61
6.
(pdftex.def)             Requested size: 345.0pt x 179.12003pt.

Overfull \hbox (11.4589pt too wide) in paragraph at lines 620--624
\OT1/cmr/m/n/10 Das vorkon-di-tion-ierte Ver-fahren kon-vergiert schneller als 
das gewohnliche GMRES-
 []


Overfull \hbox (4.81078pt too wide) in paragraph at lines 620--624
\OT1/cmr/m/n/10 Verfahren. Allerd-ings ist die Laufzeit trotz-dem je nach der g
ewahlten Genauigkeit
 []


Underfull \hbox (badness 10000) in paragraph at lines 620--624

 []


Overfull \hbox (11.50087pt too wide) in paragraph at lines 625--634
[][] 
 []


Overfull \hbox (12.74709pt too wide) in paragraph at lines 638--669
\OT1/cmr/m/n/10 h$[]$ := Raumlicher Diskretisierungspa-ram-e-ter (Schrit-tweit
e zwis-chen den raumlichen
 []


Underfull \hbox (badness 10000) in paragraph at lines 638--669

 []

[21] [22]
Underfull \hbox (badness 10000) in paragraph at lines 670--671

 []

<Aufgaben-Ressourcen/P2A5T5.png, id=97, 988.44281pt x 505.89pt>
File: Aufgaben-Ressourcen/P2A5T5.png Graphic file (type png)

<use Aufgaben-Ressourcen/P2A5T5.png>
Package pdftex.def Info: Aufgaben-Ressourcen/P2A5T5.png used on input line 673.

(pdftex.def)             Requested size: 345.0pt x 176.57011pt.

<Aufgaben-Ressourcen/P2A5T30.png, id=98, 1005.7575pt x 514.17094pt>
File: Aufgaben-Ressourcen/P2A5T30.png Graphic file (type png)

<use Aufgaben-Ressourcen/P2A5T30.png>
Package pdftex.def Info: Aufgaben-Ressourcen/P2A5T30.png used on input line 677
.
(pdftex.def)             Requested size: 345.0pt x 176.36923pt.

<Aufgaben-Ressourcen/P2A5T60.png, id=99, 1007.26312pt x 505.89pt>
File: Aufgaben-Ressourcen/P2A5T60.png Graphic file (type png)

<use Aufgaben-Ressourcen/P2A5T60.png>
Package pdftex.def Info: Aufgaben-Ressourcen/P2A5T60.png used on input line 681
.
(pdftex.def)             Requested size: 345.0pt x 173.27399pt.
 [23 <./Aufgaben-Ressourcen/P2A5T5.png>]
[24 <./Aufgaben-Ressourcen/P2A5T30.png> <./Aufgaben-Ressourcen/P2A5T60.png>]
(Aufgaben.aux)

LaTeX Warning: There were undefined references.


LaTeX Warning: Label(s) may have changed. Rerun to get cross-references right.

 ) 
Here is how much of TeX's memory you used:
 1957 strings out of 493333
 26775 string characters out of 3142666
 102441 words of memory out of 3000000
 5458 multiletter control sequences out of 15000+200000
 7895 words of font info for 28 fonts, out of 3000000 for 9000
 1141 hyphenation exceptions out of 8191
 39i,9n,25p,760b,247s stack positions out of 5000i,500n,10000p,200000b,50000s
<D:/Programme/MiKTeX/fonts/type1/public/amsfonts/cm/cmbx10.pfb><D:/Programme/
MiKTeX/fonts/type1/public/amsfonts/cm/cmbx12.pfb><D:/Programme/MiKTeX/fonts/typ
e1/public/amsfonts/cm/cmmi10.pfb><D:/Programme/MiKTeX/fonts/type1/public/amsfon
ts/cm/cmmi5.pfb><D:/Programme/MiKTeX/fonts/type1/public/amsfonts/cm/cmmi7.pfb><
D:/Programme/MiKTeX/fonts/type1/public/amsfonts/cm/cmr10.pfb><D:/Programme/MiKT
eX/fonts/type1/public/amsfonts/cm/cmr12.pfb><D:/Programme/MiKTeX/fonts/type1/pu
blic/amsfonts/cm/cmr17.pfb><D:/Programme/MiKTeX/fonts/type1/public/amsfonts/cm/
cmr5.pfb><D:/Programme/MiKTeX/fonts/type1/public/amsfonts/cm/cmr7.pfb><D:/Progr
amme/MiKTeX/fonts/type1/public/amsfonts/cm/cmsy10.pfb><D:/Programme/MiKTeX/font
s/type1/public/amsfonts/cm/cmsy5.pfb><D:/Programme/MiKTeX/fonts/type1/public/am
sfonts/cm/cmsy7.pfb>
Output written on Aufgaben.pdf (24 pages, 3697618 bytes).
PDF statistics:
 147 PDF objects out of 1000 (max. 8388607)
 0 named destinations out of 1000 (max. 500000)
 81 words of extra memory for PDF output out of 10000 (max. 10000000)

